#
# A fatal error has been detected by the Java Runtime Environment:
#
#  EXCEPTION_ACCESS_VIOLATION (0xc0000005) at pc=0x000007fbf1fa3440, pid=4656, tid=2940
#
# JRE version: Java(TM) SE Runtime Environment (7.0_40-b43) (build 1.7.0_40-b43)
# Java VM: Java HotSpot(TM) 64-Bit Server VM (24.0-b56 mixed mode windows-amd64 compressed oops)
# Problematic frame:
# C  [ig4icd64.dll+0x3440]
#
# Failed to write core dump. Minidumps are not enabled by default on client versions of Windows
#
# If you would like to submit a bug report, please visit:
#   http://bugreport.sun.com/bugreport/crash.jsp
# The crash happened outside the Java Virtual Machine in native code.
# See problematic frame for where to report the bug.
#

---------------  T H R E A D  ---------------

Current thread (0x000000000a16b000):  JavaThread "LWJGL Application" [_thread_in_native, id=2940, stack(0x000000000bd80000,0x000000000be80000)]

siginfo: ExceptionCode=0xc0000005, reading address 0x000000000e7555f4

Registers:
RAX=0x0000000000010000, RBX=0x000000000bfe98b0, RCX=0x0000000000000000, RDX=0x000000000e7555f4
RSP=0x000000000be7ecc0, RBP=0x000000000e6400b0, RSI=0x000000000bffb5c8, RDI=0x000000000d36c000
R8 =0x0000000000000008, R9 =0x0000000000000000, R10=0x0000000000000002, R11=0x000000000c082de0
R12=0x000000000d93c4c0, R13=0x0000000000000008, R14=0x000000000bffab10, R15=0x0000000000000000
RIP=0x000007fbf1fa3440, EFLAGS=0x0000000000010202

Top of Stack: (sp=0x000000000be7ecc0)
0x000000000be7ecc0:   000000000d36c000 0000000000000000
0x000000000be7ecd0:   0000000000060000 000000000d93c4c0
0x000000000be7ece0:   000000000d36c000 000007fbf23f4d7f
0x000000000be7ecf0:   000000000bfe98b0 000000000bfe98b0
0x000000000be7ed00:   0000000000000000 000000000bffb5c8
0x000000000be7ed10:   0000000000d10000 0000000000100000
0x000000000be7ed20:   0000000100115544 0000000000000000
0x000000000be7ed30:   0000000040001300 0000000000000010
0x000000000be7ed40:   000000000bffb5c8 000000000bffab10
0x000000000be7ed50:   0000000000000101 0000000000240000
0x000000000be7ed60:   0000000000000001 0000000000000001
0x000000000be7ed70:   000000000bfe98b0 000007fbf23f3446
0x000000000be7ed80:   0000000000010000 0000000000000010
0x000000000be7ed90:   0000000000000001 0000000000060001
0x000000000be7eda0:   0000000000060000 000007fbf24547c7
0x000000000be7edb0:   000000000bffab10 fffffffffffffffe 

Instructions: (pc=0x000007fbf1fa3440)
0x000007fbf1fa3420:   10 0f 28 3c 24 41 83 e0 0f 74 49 45 8b d0 44 8b
0x000007fbf1fa3430:   c9 49 c1 ea 02 4d 85 d2 74 1e 66 0f 1f 44 00 00
0x000007fbf1fa3440:   8b 02 41 ff c1 48 83 c7 04 89 47 fc 41 8b c1 48
0x000007fbf1fa3450:   83 c2 04 49 3b c2 72 e8 41 83 e0 03 76 16 48 2b 


Register to memory mapping:

RAX=0x0000000000010000 is an unknown value
RBX=0x000000000bfe98b0 is an unknown value
RCX=0x0000000000000000 is an unknown value
RDX=0x000000000e7555f4 is an unknown value
RSP=0x000000000be7ecc0 is pointing into the stack for thread: 0x000000000a16b000
RBP=0x000000000e6400b0 is an unknown value
RSI=0x000000000bffb5c8 is an unknown value
RDI=0x000000000d36c000 is an unknown value
R8 =0x0000000000000008 is an unknown value
R9 =0x0000000000000000 is an unknown value
R10=0x0000000000000002 is an unknown value
R11=0x000000000c082de0 is an unknown value
R12=0x000000000d93c4c0 is an unknown value
R13=0x0000000000000008 is an unknown value
R14=0x000000000bffab10 is an unknown value
R15=0x0000000000000000 is an unknown value


Stack: [0x000000000bd80000,0x000000000be80000],  sp=0x000000000be7ecc0,  free space=1019k
Native frames: (J=compiled Java code, j=interpreted, Vv=VM code, C=native code)
C  [ig4icd64.dll+0x3440]

Java frames: (J=compiled Java code, j=interpreted, Vv=VM code)
j  org.lwjgl.opengl.GL11.nglDrawElements(IIIJJ)V+0
j  org.lwjgl.opengl.GL11.glDrawElements(ILjava/nio/ShortBuffer;)V+34
j  com.badlogic.gdx.backends.lwjgl.LwjglGL10.glDrawElements(IIILjava/nio/Buffer;)V+21
j  com.badlogic.gdx.graphics.Mesh.render(III)V+107
j  com.badlogic.gdx.graphics.g2d.SpriteBatch.renderMesh()V+223
j  com.badlogic.gdx.graphics.g2d.SpriteBatch.end()V+25
j  com.devtalk.maze.MainMenuScreen.render(F)V+113
j  com.badlogic.gdx.Game.render()V+19
j  com.devtalk.maze.DevMaze.render()V+1
j  com.badlogic.gdx.backends.lwjgl.LwjglApplication.mainLoop()V+491
j  com.badlogic.gdx.backends.lwjgl.LwjglApplication$1.run()V+27
v  ~StubRoutines::call_stub

---------------  P R O C E S S  ---------------

Java Threads: ( => current thread )
  0x000000000a16c800 JavaThread "DestroyJavaVM" [_thread_blocked, id=5528, stack(0x00000000026f0000,0x00000000027f0000)]
=>0x000000000a16b000 JavaThread "LWJGL Application" [_thread_in_native, id=2940, stack(0x000000000bd80000,0x000000000be80000)]
  0x000000000a169000 JavaThread "Java2D Disposer" daemon [_thread_blocked, id=2892, stack(0x000000000a800000,0x000000000a900000)]
  0x00000000086ad000 JavaThread "Service Thread" daemon [_thread_blocked, id=5376, stack(0x0000000009e00000,0x0000000009f00000)]
  0x0000000008694800 JavaThread "C2 CompilerThread1" daemon [_thread_blocked, id=1084, stack(0x0000000009d00000,0x0000000009e00000)]
  0x0000000008693000 JavaThread "C2 CompilerThread0" daemon [_thread_blocked, id=2880, stack(0x0000000009c00000,0x0000000009d00000)]
  0x0000000008692000 JavaThread "Attach Listener" daemon [_thread_blocked, id=5180, stack(0x0000000009b00000,0x0000000009c00000)]
  0x000000000868f000 JavaThread "Signal Dispatcher" daemon [_thread_blocked, id=1712, stack(0x0000000009a00000,0x0000000009b00000)]
  0x000000000865d800 JavaThread "Finalizer" daemon [_thread_blocked, id=3940, stack(0x0000000009900000,0x0000000009a00000)]
  0x0000000008653800 JavaThread "Reference Handler" daemon [_thread_blocked, id=2568, stack(0x0000000009800000,0x0000000009900000)]

Other Threads:
  0x0000000008650800 VMThread [stack: 0x0000000009700000,0x0000000009800000] [id=2852]
  0x00000000086b7000 WatcherThread [stack: 0x0000000009f00000,0x000000000a000000] [id=3344]

VM state:not at safepoint (normal execution)

VM Mutex/Monitor currently owned by a thread: None

Heap
 PSYoungGen      total 35328K, used 11985K [0x00000000eb280000, 0x00000000ed780000, 0x0000000100000000)
  eden space 32768K, 34% used [0x00000000eb280000,0x00000000ebd94610,0x00000000ed280000)
  from space 2560K, 25% used [0x00000000ed500000,0x00000000ed5a0000,0x00000000ed780000)
  to   space 2560K, 0% used [0x00000000ed280000,0x00000000ed280000,0x00000000ed500000)
 ParOldGen       total 42496K, used 10644K [0x00000000c1800000, 0x00000000c4180000, 0x00000000eb280000)
  object space 42496K, 25% used [0x00000000c1800000,0x00000000c22651b0,0x00000000c4180000)
 PSPermGen       total 21504K, used 8238K [0x00000000bc600000, 0x00000000bdb00000, 0x00000000c1800000)
  object space 21504K, 38% used [0x00000000bc600000,0x00000000bce0bbd8,0x00000000bdb00000)

Card table byte_map: [0x00000000059b0000,0x0000000005bd0000] byte_map_base: 0x00000000053cd000

Polling page: 0x0000000000c90000

Code Cache  [0x00000000028f0000, 0x0000000002b60000, 0x00000000058f0000)
 total_blobs=538 nmethods=84 adapters=407 free_code_cache=48398Kb largest_free_block=49535232

Compilation events (10 events):
Event: 2.208 Thread 0x0000000008693000   80             sun.nio.cs.SingleByte$Decoder::decodeArrayLoop (154 bytes)
Event: 2.208 Thread 0x0000000008694800   81   !         java.io.BufferedReader::readLine (304 bytes)
Event: 2.219 Thread 0x0000000008693000 nmethod 80 0x00000000029a8690 code [0x00000000029a8840, 0x00000000029a8e00]
Event: 2.219 Thread 0x0000000008693000   82             java.lang.String::indexOf (7 bytes)
Event: 2.222 Thread 0x0000000008693000 nmethod 82 0x00000000029a9f50 code [0x00000000029aa0a0, 0x00000000029aa208]
Event: 2.222 Thread 0x0000000008693000   83             java.util.StringTokenizer::scanToken (179 bytes)
Event: 2.231 Thread 0x0000000008693000 nmethod 83 0x00000000029a7a10 code [0x00000000029a7bc0, 0x00000000029a7ff0]
Event: 2.231 Thread 0x0000000008693000   84             java.util.StringTokenizer::skipDelimiters (116 bytes)
Event: 2.238 Thread 0x0000000008693000 nmethod 84 0x00000000029a5110 code [0x00000000029a5280, 0x00000000029a55a8]
Event: 2.243 Thread 0x0000000008694800 nmethod 81 0x00000000029b0510 code [0x00000000029b06e0, 0x00000000029b1d00]

GC Heap History (4 events):
Event: 0.900 GC heap before
{Heap before GC invocations=1 (full 0):
 PSYoungGen      total 18944K, used 16384K [0x00000000eb280000, 0x00000000ec780000, 0x0000000100000000)
  eden space 16384K, 100% used [0x00000000eb280000,0x00000000ec280000,0x00000000ec280000)
  from space 2560K, 0% used [0x00000000ec500000,0x00000000ec500000,0x00000000ec780000)
  to   space 2560K, 0% used [0x00000000ec280000,0x00000000ec280000,0x00000000ec500000)
 ParOldGen       total 42496K, used 0K [0x00000000c1800000, 0x00000000c4180000, 0x00000000eb280000)
  object space 42496K, 0% used [0x00000000c1800000,0x00000000c1800000,0x00000000c4180000)
 PSPermGen       total 21504K, used 5785K [0x00000000bc600000, 0x00000000bdb00000, 0x00000000c1800000)
  object space 21504K, 26% used [0x00000000bc600000,0x00000000bcba6538,0x00000000bdb00000)
Event: 0.923 GC heap after
Heap after GC invocations=1 (full 0):
 PSYoungGen      total 18944K, used 2528K [0x00000000eb280000, 0x00000000ed780000, 0x0000000100000000)
  eden space 16384K, 0% used [0x00000000eb280000,0x00000000eb280000,0x00000000ec280000)
  from space 2560K, 98% used [0x00000000ec280000,0x00000000ec4f8010,0x00000000ec500000)
  to   space 2560K, 0% used [0x00000000ed500000,0x00000000ed500000,0x00000000ed780000)
 ParOldGen       total 42496K, used 4492K [0x00000000c1800000, 0x00000000c4180000, 0x00000000eb280000)
  object space 42496K, 10% used [0x00000000c1800000,0x00000000c1c63180,0x00000000c4180000)
 PSPermGen       total 21504K, used 5785K [0x00000000bc600000, 0x00000000bdb00000, 0x00000000c1800000)
  object space 21504K, 26% used [0x00000000bc600000,0x00000000bcba6538,0x00000000bdb00000)
}
Event: 1.230 GC heap before
{Heap before GC invocations=2 (full 0):
 PSYoungGen      total 18944K, used 18912K [0x00000000eb280000, 0x00000000ed780000, 0x0000000100000000)
  eden space 16384K, 100% used [0x00000000eb280000,0x00000000ec280000,0x00000000ec280000)
  from space 2560K, 98% used [0x00000000ec280000,0x00000000ec4f8010,0x00000000ec500000)
  to   space 2560K, 0% used [0x00000000ed500000,0x00000000ed500000,0x00000000ed780000)
 ParOldGen       total 42496K, used 4492K [0x00000000c1800000, 0x00000000c4180000, 0x00000000eb280000)
  object space 42496K, 10% used [0x00000000c1800000,0x00000000c1c63180,0x00000000c4180000)
 PSPermGen       total 21504K, used 5950K [0x00000000bc600000, 0x00000000bdb00000, 0x00000000c1800000)
  object space 21504K, 27% used [0x00000000bc600000,0x00000000bcbcf908,0x00000000bdb00000)
Event: 1.261 GC heap after
Heap after GC invocations=2 (full 0):
 PSYoungGen      total 35328K, used 640K [0x00000000eb280000, 0x00000000ed780000, 0x0000000100000000)
  eden space 32768K, 0% used [0x00000000eb280000,0x00000000eb280000,0x00000000ed280000)
  from space 2560K, 25% used [0x00000000ed500000,0x00000000ed5a0000,0x00000000ed780000)
  to   space 2560K, 0% used [0x00000000ed280000,0x00000000ed280000,0x00000000ed500000)
 ParOldGen       total 42496K, used 10644K [0x00000000c1800000, 0x00000000c4180000, 0x00000000eb280000)
  object space 42496K, 25% used [0x00000000c1800000,0x00000000c22651b0,0x00000000c4180000)
 PSPermGen       total 21504K, used 5950K [0x00000000bc600000, 0x00000000bdb00000, 0x00000000c1800000)
  object space 21504K, 27% used [0x00000000bc600000,0x00000000bcbcf908,0x00000000bdb00000)
}

Deoptimization events (2 events):
Event: 0.753 Thread 0x00000000027f0800 Uncommon trap: reason=unloaded action=reinterpret pc=0x0000000002975098 method=com.badlogic.gdx.tools.imagepacker.ImageProcessor.hash(Ljava/awt/image/BufferedImage;)Ljava/lang/String; @ 125
Event: 1.106 Thread 0x00000000027f0800 Uncommon trap: reason=unreached action=reinterpret pc=0x000000000297152c method=java.awt.image.DirectColorModel.getDataElements(ILjava/lang/Object;)Ljava/lang/Object; @ 11

Internal exceptions (10 events):
Event: 2.250 Thread 0x000000000a16b000 Threw 0x00000000ebd4dc20 at C:\jdk7u2_64p\jdk7u40\hotspot\src\share\vm\prims\jvm.cpp:1244
Event: 2.251 Thread 0x000000000a16b000 Threw 0x00000000ebd59330 at C:\jdk7u2_64p\jdk7u40\hotspot\src\share\vm\prims\jvm.cpp:1244
Event: 2.251 Thread 0x000000000a16b000 Threw 0x00000000ebd5cd00 at C:\jdk7u2_64p\jdk7u40\hotspot\src\share\vm\prims\jvm.cpp:1244
Event: 2.252 Thread 0x000000000a16b000 Threw 0x00000000ebd61280 at C:\jdk7u2_64p\jdk7u40\hotspot\src\share\vm\prims\jvm.cpp:1244
Event: 2.253 Thread 0x000000000a16b000 Threw 0x00000000ebd63f08 at C:\jdk7u2_64p\jdk7u40\hotspot\src\share\vm\prims\jvm.cpp:1244
Event: 2.253 Thread 0x000000000a16b000 Threw 0x00000000ebd6a3d8 at C:\jdk7u2_64p\jdk7u40\hotspot\src\share\vm\prims\jvm.cpp:1244
Event: 2.254 Thread 0x000000000a16b000 Threw 0x00000000ebd70b18 at C:\jdk7u2_64p\jdk7u40\hotspot\src\share\vm\prims\jvm.cpp:1244
Event: 2.255 Thread 0x000000000a16b000 Threw 0x00000000ebd767c8 at C:\jdk7u2_64p\jdk7u40\hotspot\src\share\vm\prims\jvm.cpp:1244
Event: 2.255 Thread 0x000000000a16b000 Threw 0x00000000ebd7c590 at C:\jdk7u2_64p\jdk7u40\hotspot\src\share\vm\prims\jvm.cpp:1244
Event: 2.258 Thread 0x000000000a16b000 Threw 0x00000000ebd82b28 at C:\jdk7u2_64p\jdk7u40\hotspot\src\share\vm\prims\jvm.cpp:1244

Events (10 events):
Event: 2.253 loading class 0x000000000acd35a0
Event: 2.253 loading class 0x000000000acd35a0 done
Event: 2.254 loading class 0x000000000a371300
Event: 2.254 loading class 0x000000000a371300 done
Event: 2.255 loading class 0x000000000a371b40
Event: 2.255 loading class 0x000000000a371b40 done
Event: 2.255 loading class 0x000000000acd3360
Event: 2.255 loading class 0x000000000acd3360 done
Event: 2.258 loading class 0x000000000a36d580
Event: 2.258 loading class 0x000000000a36d580 done


Dynamic libraries:
0x000007f6993f0000 - 0x000007f699423000 	C:\Program Files\Java\jre7\bin\javaw.exe
0x000007fc13450000 - 0x000007fc135fc000 	C:\Windows\SYSTEM32\ntdll.dll
0x000007fc10d80000 - 0x000007fc10ebf000 	C:\Windows\system32\KERNEL32.DLL
0x000007fc104d0000 - 0x000007fc105a7000 	C:\Windows\system32\KERNELBASE.dll
0x000007fc11430000 - 0x000007fc1150c000 	C:\Windows\system32\ADVAPI32.dll
0x000007fc112e0000 - 0x000007fc11427000 	C:\Windows\system32\USER32.dll
0x000007fc0d6b0000 - 0x000007fc0d959000 	C:\Windows\WinSxS\amd64_microsoft.windows.common-controls_6595b64144ccf1df_6.0.9200.16384_none_418c2a697189c07f\COMCTL32.dll
0x000007fc10ec0000 - 0x000007fc10f92000 	C:\Windows\system32\msvcrt.dll
0x000007fc120b0000 - 0x000007fc120fc000 	C:\Windows\SYSTEM32\sechost.dll
0x000007fc105b0000 - 0x000007fc1070a000 	C:\Windows\system32\RPCRT4.dll
0x000007fc11900000 - 0x000007fc11a69000 	C:\Windows\system32\GDI32.dll
0x000007fc10970000 - 0x000007fc109a9000 	C:\Windows\system32\IMM32.DLL
0x000007fc11510000 - 0x000007fc11648000 	C:\Windows\system32\MSCTF.dll
0x0000000069c30000 - 0x0000000069d01000 	C:\Program Files\Java\jre7\bin\msvcr100.dll
0x0000000069460000 - 0x0000000069c29000 	C:\Program Files\Java\jre7\bin\server\jvm.dll
0x000007fc0b210000 - 0x000007fc0b219000 	C:\Windows\SYSTEM32\WSOCK32.dll
0x000007fc05750000 - 0x000007fc05772000 	C:\Windows\SYSTEM32\WINMM.dll
0x000007fc10fa0000 - 0x000007fc10fa7000 	C:\Windows\system32\PSAPI.DLL
0x000007fc11890000 - 0x000007fc118f6000 	C:\Windows\system32\WS2_32.dll
0x000007fc05720000 - 0x000007fc05748000 	C:\Windows\SYSTEM32\WINMMBASE.dll
0x000007fc120a0000 - 0x000007fc120a8000 	C:\Windows\system32\NSI.dll
0x0000000069450000 - 0x000000006945f000 	C:\Program Files\Java\jre7\bin\verify.dll
0x0000000069420000 - 0x0000000069448000 	C:\Program Files\Java\jre7\bin\java.dll
0x0000000069400000 - 0x0000000069415000 	C:\Program Files\Java\jre7\bin\zip.dll
0x0000000068fa0000 - 0x0000000069135000 	C:\Program Files\Java\jre7\bin\awt.dll
0x000007fc10c10000 - 0x000007fc10d2b000 	C:\Windows\system32\OLEAUT32.dll
0x000007fc10710000 - 0x000007fc108a9000 	C:\Windows\system32\combase.dll
0x000007fc09e20000 - 0x000007fc09e96000 	C:\Windows\system32\apphelp.dll
0x0000000068f70000 - 0x0000000068fa0000 	C:\Program Files\Java\jre7\bin\jpeg.dll
0x000007fc0dd50000 - 0x000007fc0dd92000 	C:\Windows\system32\DWMAPI.DLL
0x000007fc0ef70000 - 0x000007fc0f05d000 	C:\Windows\system32\uxtheme.dll
0x000007fc0ff90000 - 0x000007fc0ffb4000 	C:\Windows\system32\SspiCli.dll
0x0000000065580000 - 0x000000006560d000 	C:\Users\Matthew\AppData\Local\Temp\libgdxMatthew\123946040\gdx64.dll
0x0000000180000000 - 0x0000000180050000 	C:\Users\Matthew\AppData\Local\Temp\libgdxMatthew\27538956\lwjgl64.dll
0x000007fc06b60000 - 0x000007fc06c99000 	C:\Windows\SYSTEM32\OPENGL32.dll
0x000007fc09390000 - 0x000007fc09399000 	C:\Windows\SYSTEM32\VERSION.dll
0x000007fc07300000 - 0x000007fc0732e000 	C:\Windows\SYSTEM32\GLU32.dll
0x000007fbfe400000 - 0x000007fbfe522000 	C:\Windows\SYSTEM32\DDRAW.dll
0x000007fc09230000 - 0x000007fc09239000 	C:\Windows\SYSTEM32\DCIMAN32.dll
0x000000000b320000 - 0x000000000b382000 	C:\Users\Matthew\AppData\Local\Temp\libgdxMatthew\27538956\OpenAL64.dll
0x000007fc12100000 - 0x000007fc1344d000 	C:\Windows\system32\SHELL32.dll
0x000007fc110d0000 - 0x000007fc112b2000 	C:\Windows\system32\ole32.dll
0x000007fc11060000 - 0x000007fc110c2000 	C:\Windows\system32\SHLWAPI.dll
0x000007fc0e100000 - 0x000007fc0e18c000 	C:\Windows\SYSTEM32\SHCORE.dll
0x000007fc0ff80000 - 0x000007fc0ff8a000 	C:\Windows\SYSTEM32\CRYPTBASE.dll
0x000007fc0fe80000 - 0x000007fc0fed7000 	C:\Windows\SYSTEM32\bcryptPrimitives.dll
0x000007fc10fb0000 - 0x000007fc1105e000 	C:\Windows\SYSTEM32\clbcatq.dll
0x000007fbfe190000 - 0x000007fbfe246000 	C:\Windows\SYSTEM32\dsound.dll
0x000007fc10040000 - 0x000007fc10083000 	C:\Windows\SYSTEM32\POWRPROF.dll
0x000007fc0d490000 - 0x000007fc0d4df000 	C:\Windows\System32\MMDevApi.dll
0x000007fc10240000 - 0x000007fc1025d000 	C:\Windows\system32\DEVOBJ.dll
0x000007fc10260000 - 0x000007fc102a4000 	C:\Windows\SYSTEM32\cfgmgr32.dll
0x000007fc0ced0000 - 0x000007fc0cf3d000 	C:\Windows\SYSTEM32\AUDIOSES.DLL
0x000007fbf1fa0000 - 0x000007fbf2c24000 	C:\Windows\SYSTEM32\ig4icd64.dll
0x000007fbf10b0000 - 0x000007fbf119c000 	C:\Windows\SYSTEM32\mscms.dll
0x000007fc0f970000 - 0x000007fc0f98e000 	C:\Windows\SYSTEM32\USERENV.dll
0x000007fc100a0000 - 0x000007fc100b1000 	C:\Windows\SYSTEM32\profapi.dll
0x000007fc024c0000 - 0x000007fc02504000 	C:\Windows\SYSTEM32\icm32.dll
0x000007fc0d120000 - 0x000007fc0d293000 	C:\Windows\SYSTEM32\dbghelp.dll

VM Arguments:
jvm_args: -Dfile.encoding=Cp1252 
java_command: com.devtalk.maze.DesktopStarter
Launcher Type: SUN_STANDARD

Environment Variables:
JAVA_HOME=C:\Program Files\Java\jdk1.7.0_40
PATH=C:\Windows\system32;C:\Windows;C:\Windows\System32\Wbem;C:\Windows\System32\WindowsPowerShell\v1.0\;C:\Program Files (x86)\Windows Kits\8.0\Windows Performance Toolkit\;C:\Program Files\TortoiseGit\bin;C:\Program Files\Microsoft SQL Server\110\Tools\Binn\;C:\Users\Matthew\Documents\apache-ant-1.9.2\bin
USERNAME=Matthew
OS=Windows_NT
PROCESSOR_IDENTIFIER=Intel64 Family 6 Model 42 Stepping 7, GenuineIntel



---------------  S Y S T E M  ---------------

OS: Windows 8 , 64 bit Build 9200 

CPU:total 4 (2 cores per cpu, 2 threads per core) family 6 model 42 stepping 7, cmov, cx8, fxsr, mmx, sse, sse2, sse3, ssse3, sse4.1, sse4.2, popcnt, avx, aes, ht, tsc, tscinvbit

Memory: 4k page, physical 4095408k(1363456k free), swap 8289712k(5052104k free)

vm_info: Java HotSpot(TM) 64-Bit Server VM (24.0-b56) for windows-amd64 JRE (1.7.0_40-b43), built on Aug 26 2013 22:38:32 by "java_re" with unknown MS VC++:1600

time: Tue Oct 15 22:14:52 2013
elapsed time: 2 seconds

