#
# A fatal error has been detected by the Java Runtime Environment:
#
#  EXCEPTION_ACCESS_VIOLATION (0xc0000005) at pc=0x000007fbf1fa3440, pid=4404, tid=4536
#
# JRE version: Java(TM) SE Runtime Environment (7.0_40-b43) (build 1.7.0_40-b43)
# Java VM: Java HotSpot(TM) 64-Bit Server VM (24.0-b56 mixed mode windows-amd64 compressed oops)
# Problematic frame:
# C  [ig4icd64.dll+0x3440]
#
# Failed to write core dump. Minidumps are not enabled by default on client versions of Windows
#
# If you would like to submit a bug report, please visit:
#   http://bugreport.sun.com/bugreport/crash.jsp
# The crash happened outside the Java Virtual Machine in native code.
# See problematic frame for where to report the bug.
#

---------------  T H R E A D  ---------------

Current thread (0x000000000a3a7000):  JavaThread "LWJGL Application" [_thread_in_native, id=4536, stack(0x000000000bd80000,0x000000000be80000)]

siginfo: ExceptionCode=0xc0000005, reading address 0x000000000e7355f4

Registers:
RAX=0x0000000000010000, RBX=0x000000000c0db1b0, RCX=0x0000000000000000, RDX=0x000000000e7355f4
RSP=0x000000000be7eeb0, RBP=0x000000000e6200b0, RSI=0x000000000c0ecec8, RDI=0x000000000d34c000
R8 =0x0000000000000008, R9 =0x0000000000000000, R10=0x0000000000000002, R11=0x000000000c173e20
R12=0x000000000d91e870, R13=0x0000000000000008, R14=0x000000000c0ec410, R15=0x0000000000000000
RIP=0x000007fbf1fa3440, EFLAGS=0x0000000000010202

Top of Stack: (sp=0x000000000be7eeb0)
0x000000000be7eeb0:   000000000d34c000 0000000000000000
0x000000000be7eec0:   0000000000060000 000000000d91e870
0x000000000be7eed0:   000000000d34c000 000007fbf23f4d7f
0x000000000be7eee0:   000000000c0db1b0 000000000c0db1b0
0x000000000be7eef0:   0000000000000000 000000000c0ecec8
0x000000000be7ef00:   0000000000e00000 0000000000100000
0x000000000be7ef10:   0000000100115544 0000000000000000
0x000000000be7ef20:   0000000040001300 0000000000000010
0x000000000be7ef30:   000000000c0ecec8 000000000c0ec410
0x000000000be7ef40:   0000000000000001 0000000000240000
0x000000000be7ef50:   0000000000000001 0000000000000001
0x000000000be7ef60:   000000000c0db1b0 000007fbf23f3446
0x000000000be7ef70:   0000000000010000 0000000000000010
0x000000000be7ef80:   0000000000000001 0000000000060001
0x000000000be7ef90:   0000000000060000 000007fbf24547c7
0x000000000be7efa0:   000000000c0ec410 fffffffffffffffe 

Instructions: (pc=0x000007fbf1fa3440)
0x000007fbf1fa3420:   10 0f 28 3c 24 41 83 e0 0f 74 49 45 8b d0 44 8b
0x000007fbf1fa3430:   c9 49 c1 ea 02 4d 85 d2 74 1e 66 0f 1f 44 00 00
0x000007fbf1fa3440:   8b 02 41 ff c1 48 83 c7 04 89 47 fc 41 8b c1 48
0x000007fbf1fa3450:   83 c2 04 49 3b c2 72 e8 41 83 e0 03 76 16 48 2b 


Register to memory mapping:

RAX=0x0000000000010000 is an unknown value
RBX=0x000000000c0db1b0 is an unknown value
RCX=0x0000000000000000 is an unknown value
RDX=0x000000000e7355f4 is an unknown value
RSP=0x000000000be7eeb0 is pointing into the stack for thread: 0x000000000a3a7000
RBP=0x000000000e6200b0 is an unknown value
RSI=0x000000000c0ecec8 is an unknown value
RDI=0x000000000d34c000 is an unknown value
R8 =0x0000000000000008 is an unknown value
R9 =0x0000000000000000 is an unknown value
R10=0x0000000000000002 is an unknown value
R11=0x000000000c173e20 is an unknown value
R12=0x000000000d91e870 is an unknown value
R13=0x0000000000000008 is an unknown value
R14=0x000000000c0ec410 is an unknown value
R15=0x0000000000000000 is an unknown value


Stack: [0x000000000bd80000,0x000000000be80000],  sp=0x000000000be7eeb0,  free space=1019k
Native frames: (J=compiled Java code, j=interpreted, Vv=VM code, C=native code)
C  [ig4icd64.dll+0x3440]

Java frames: (J=compiled Java code, j=interpreted, Vv=VM code)
j  org.lwjgl.opengl.GL11.nglDrawElements(IIIJJ)V+0
j  org.lwjgl.opengl.GL11.glDrawElements(ILjava/nio/ShortBuffer;)V+34
j  com.badlogic.gdx.backends.lwjgl.LwjglGL10.glDrawElements(IIILjava/nio/Buffer;)V+21
j  com.badlogic.gdx.graphics.Mesh.render(III)V+107
j  com.badlogic.gdx.graphics.g2d.SpriteBatch.renderMesh()V+223
j  com.badlogic.gdx.graphics.g2d.SpriteBatch.end()V+25
j  com.devtalk.maze.MainMenuScreen.render(F)V+89
j  com.badlogic.gdx.Game.render()V+19
j  com.devtalk.maze.DevMaze.render()V+1
j  com.badlogic.gdx.backends.lwjgl.LwjglApplication.mainLoop()V+491
j  com.badlogic.gdx.backends.lwjgl.LwjglApplication$1.run()V+27
v  ~StubRoutines::call_stub

---------------  P R O C E S S  ---------------

Java Threads: ( => current thread )
  0x0000000002920800 JavaThread "DestroyJavaVM" [_thread_blocked, id=3736, stack(0x0000000002820000,0x0000000002920000)]
=>0x000000000a3a7000 JavaThread "LWJGL Application" [_thread_in_native, id=4536, stack(0x000000000bd80000,0x000000000be80000)]
  0x000000000a251800 JavaThread "Java2D Disposer" daemon [_thread_blocked, id=4660, stack(0x000000000a930000,0x000000000aa30000)]
  0x00000000087de000 JavaThread "Service Thread" daemon [_thread_blocked, id=5756, stack(0x0000000009f30000,0x000000000a030000)]
  0x00000000087cf000 JavaThread "C2 CompilerThread1" daemon [_thread_blocked, id=4608, stack(0x0000000009e30000,0x0000000009f30000)]
  0x00000000087c3800 JavaThread "C2 CompilerThread0" daemon [_thread_blocked, id=3376, stack(0x0000000009d30000,0x0000000009e30000)]
  0x00000000087c2800 JavaThread "Attach Listener" daemon [_thread_blocked, id=1360, stack(0x0000000009c30000,0x0000000009d30000)]
  0x00000000087bf800 JavaThread "Signal Dispatcher" daemon [_thread_blocked, id=2528, stack(0x0000000009b30000,0x0000000009c30000)]
  0x000000000878e000 JavaThread "Finalizer" daemon [_thread_blocked, id=1336, stack(0x0000000009a30000,0x0000000009b30000)]
  0x0000000008784000 JavaThread "Reference Handler" daemon [_thread_blocked, id=5624, stack(0x0000000009930000,0x0000000009a30000)]

Other Threads:
  0x000000000877f000 VMThread [stack: 0x0000000009830000,0x0000000009930000] [id=5848]
  0x00000000087e7000 WatcherThread [stack: 0x000000000a030000,0x000000000a130000] [id=3584]

VM state:not at safepoint (normal execution)

VM Mutex/Monitor currently owned by a thread: None

Heap
 PSYoungGen      total 35328K, used 13872K [0x00000000eb280000, 0x00000000ed780000, 0x0000000100000000)
  eden space 32768K, 34% used [0x00000000eb280000,0x00000000ebd942b0,0x00000000ed280000)
  from space 2560K, 98% used [0x00000000ed500000,0x00000000ed778010,0x00000000ed780000)
  to   space 2560K, 0% used [0x00000000ed280000,0x00000000ed280000,0x00000000ed500000)
 ParOldGen       total 42496K, used 9752K [0x00000000c1800000, 0x00000000c4180000, 0x00000000eb280000)
  object space 42496K, 22% used [0x00000000c1800000,0x00000000c21862c0,0x00000000c4180000)
 PSPermGen       total 21504K, used 8238K [0x00000000bc600000, 0x00000000bdb00000, 0x00000000c1800000)
  object space 21504K, 38% used [0x00000000bc600000,0x00000000bce0bbd0,0x00000000bdb00000)

Card table byte_map: [0x0000000005ae0000,0x0000000005d00000] byte_map_base: 0x00000000054fd000

Polling page: 0x0000000000df0000

Code Cache  [0x0000000002a20000, 0x0000000002c90000, 0x0000000005a20000)
 total_blobs=539 nmethods=85 adapters=407 free_code_cache=48402Kb largest_free_block=49539776

Compilation events (10 events):
Event: 1.682 Thread 0x00000000087c3800   81             sun.nio.cs.SingleByte$Decoder::decodeArrayLoop (154 bytes)
Event: 1.682 Thread 0x00000000087cf000   82   !         java.io.BufferedReader::readLine (304 bytes)
Event: 1.692 Thread 0x00000000087c3800 nmethod 81 0x0000000002ad9d50 code [0x0000000002ad9f00, 0x0000000002ada4c0]
Event: 1.692 Thread 0x00000000087c3800   83             java.lang.String::indexOf (7 bytes)
Event: 1.695 Thread 0x00000000087c3800 nmethod 83 0x0000000002ada910 code [0x0000000002adaa60, 0x0000000002adabc8]
Event: 1.695 Thread 0x00000000087c3800   84             java.util.StringTokenizer::scanToken (179 bytes)
Event: 1.704 Thread 0x00000000087c3800 nmethod 84 0x0000000002adbb90 code [0x0000000002adbd40, 0x0000000002adc170]
Event: 1.704 Thread 0x00000000087c3800   85             java.util.StringTokenizer::skipDelimiters (116 bytes)
Event: 1.711 Thread 0x00000000087c3800 nmethod 85 0x0000000002adb3d0 code [0x0000000002adb540, 0x0000000002adb868]
Event: 1.724 Thread 0x00000000087cf000 nmethod 82 0x0000000002adf350 code [0x0000000002adf520, 0x0000000002ae0b40]

GC Heap History (4 events):
Event: 0.621 GC heap before
{Heap before GC invocations=1 (full 0):
 PSYoungGen      total 18944K, used 16384K [0x00000000eb280000, 0x00000000ec780000, 0x0000000100000000)
  eden space 16384K, 100% used [0x00000000eb280000,0x00000000ec280000,0x00000000ec280000)
  from space 2560K, 0% used [0x00000000ec500000,0x00000000ec500000,0x00000000ec780000)
  to   space 2560K, 0% used [0x00000000ec280000,0x00000000ec280000,0x00000000ec500000)
 ParOldGen       total 42496K, used 0K [0x00000000c1800000, 0x00000000c4180000, 0x00000000eb280000)
  object space 42496K, 0% used [0x00000000c1800000,0x00000000c1800000,0x00000000c4180000)
 PSPermGen       total 21504K, used 5785K [0x00000000bc600000, 0x00000000bdb00000, 0x00000000c1800000)
  object space 21504K, 26% used [0x00000000bc600000,0x00000000bcba6538,0x00000000bdb00000)
Event: 0.645 GC heap after
Heap after GC invocations=1 (full 0):
 PSYoungGen      total 18944K, used 2544K [0x00000000eb280000, 0x00000000ed780000, 0x0000000100000000)
  eden space 16384K, 0% used [0x00000000eb280000,0x00000000eb280000,0x00000000ec280000)
  from space 2560K, 99% used [0x00000000ec280000,0x00000000ec4fc020,0x00000000ec500000)
  to   space 2560K, 0% used [0x00000000ed500000,0x00000000ed500000,0x00000000ed780000)
 ParOldGen       total 42496K, used 5520K [0x00000000c1800000, 0x00000000c4180000, 0x00000000eb280000)
  object space 42496K, 12% used [0x00000000c1800000,0x00000000c1d642a0,0x00000000c4180000)
 PSPermGen       total 21504K, used 5785K [0x00000000bc600000, 0x00000000bdb00000, 0x00000000c1800000)
  object space 21504K, 26% used [0x00000000bc600000,0x00000000bcba6538,0x00000000bdb00000)
}
Event: 0.825 GC heap before
{Heap before GC invocations=2 (full 0):
 PSYoungGen      total 18944K, used 18928K [0x00000000eb280000, 0x00000000ed780000, 0x0000000100000000)
  eden space 16384K, 100% used [0x00000000eb280000,0x00000000ec280000,0x00000000ec280000)
  from space 2560K, 99% used [0x00000000ec280000,0x00000000ec4fc020,0x00000000ec500000)
  to   space 2560K, 0% used [0x00000000ed500000,0x00000000ed500000,0x00000000ed780000)
 ParOldGen       total 42496K, used 5520K [0x00000000c1800000, 0x00000000c4180000, 0x00000000eb280000)
  object space 42496K, 12% used [0x00000000c1800000,0x00000000c1d642a0,0x00000000c4180000)
 PSPermGen       total 21504K, used 5950K [0x00000000bc600000, 0x00000000bdb00000, 0x00000000c1800000)
  object space 21504K, 27% used [0x00000000bc600000,0x00000000bcbcf908,0x00000000bdb00000)
Event: 0.843 GC heap after
Heap after GC invocations=2 (full 0):
 PSYoungGen      total 35328K, used 2528K [0x00000000eb280000, 0x00000000ed780000, 0x0000000100000000)
  eden space 32768K, 0% used [0x00000000eb280000,0x00000000eb280000,0x00000000ed280000)
  from space 2560K, 98% used [0x00000000ed500000,0x00000000ed778010,0x00000000ed780000)
  to   space 2560K, 0% used [0x00000000ed280000,0x00000000ed280000,0x00000000ed500000)
 ParOldGen       total 42496K, used 9752K [0x00000000c1800000, 0x00000000c4180000, 0x00000000eb280000)
  object space 42496K, 22% used [0x00000000c1800000,0x00000000c21862c0,0x00000000c4180000)
 PSPermGen       total 21504K, used 5950K [0x00000000bc600000, 0x00000000bdb00000, 0x00000000c1800000)
  object space 21504K, 27% used [0x00000000bc600000,0x00000000bcbcf908,0x00000000bdb00000)
}

Deoptimization events (1 events):
Event: 0.756 Thread 0x0000000002920800 Uncommon trap: reason=unreached action=reinterpret pc=0x0000000002ab14ac method=java.awt.image.DirectColorModel.getDataElements(ILjava/lang/Object;)Ljava/lang/Object; @ 11

Internal exceptions (10 events):
Event: 1.738 Thread 0x000000000a3a7000 Threw 0x00000000ebd4d8c0 at C:\jdk7u2_64p\jdk7u40\hotspot\src\share\vm\prims\jvm.cpp:1244
Event: 1.739 Thread 0x000000000a3a7000 Threw 0x00000000ebd58fd0 at C:\jdk7u2_64p\jdk7u40\hotspot\src\share\vm\prims\jvm.cpp:1244
Event: 1.740 Thread 0x000000000a3a7000 Threw 0x00000000ebd5c9a0 at C:\jdk7u2_64p\jdk7u40\hotspot\src\share\vm\prims\jvm.cpp:1244
Event: 1.740 Thread 0x000000000a3a7000 Threw 0x00000000ebd60f20 at C:\jdk7u2_64p\jdk7u40\hotspot\src\share\vm\prims\jvm.cpp:1244
Event: 1.741 Thread 0x000000000a3a7000 Threw 0x00000000ebd63af0 at C:\jdk7u2_64p\jdk7u40\hotspot\src\share\vm\prims\jvm.cpp:1244
Event: 1.742 Thread 0x000000000a3a7000 Threw 0x00000000ebd69fc0 at C:\jdk7u2_64p\jdk7u40\hotspot\src\share\vm\prims\jvm.cpp:1244
Event: 1.743 Thread 0x000000000a3a7000 Threw 0x00000000ebd70700 at C:\jdk7u2_64p\jdk7u40\hotspot\src\share\vm\prims\jvm.cpp:1244
Event: 1.743 Thread 0x000000000a3a7000 Threw 0x00000000ebd763b0 at C:\jdk7u2_64p\jdk7u40\hotspot\src\share\vm\prims\jvm.cpp:1244
Event: 1.744 Thread 0x000000000a3a7000 Threw 0x00000000ebd7c178 at C:\jdk7u2_64p\jdk7u40\hotspot\src\share\vm\prims\jvm.cpp:1244
Event: 1.747 Thread 0x000000000a3a7000 Threw 0x00000000ebd82070 at C:\jdk7u2_64p\jdk7u40\hotspot\src\share\vm\prims\jvm.cpp:1244

Events (10 events):
Event: 1.742 loading class 0x000000000ac0f020
Event: 1.742 loading class 0x000000000ac0f020 done
Event: 1.743 loading class 0x000000000ac17100
Event: 1.743 loading class 0x000000000ac17100 done
Event: 1.743 loading class 0x000000000ac17730
Event: 1.743 loading class 0x000000000ac17730 done
Event: 1.744 loading class 0x000000000ac0f420
Event: 1.744 loading class 0x000000000ac0f420 done
Event: 1.747 loading class 0x000000000ad90630
Event: 1.747 loading class 0x000000000ad90630 done


Dynamic libraries:
0x000007f6993f0000 - 0x000007f699423000 	C:\Program Files\Java\jre7\bin\javaw.exe
0x000007fc13450000 - 0x000007fc135fc000 	C:\Windows\SYSTEM32\ntdll.dll
0x000007fc10d80000 - 0x000007fc10ebf000 	C:\Windows\system32\KERNEL32.DLL
0x000007fc104d0000 - 0x000007fc105a7000 	C:\Windows\system32\KERNELBASE.dll
0x000007fc11430000 - 0x000007fc1150c000 	C:\Windows\system32\ADVAPI32.dll
0x000007fc112e0000 - 0x000007fc11427000 	C:\Windows\system32\USER32.dll
0x000007fc0d6b0000 - 0x000007fc0d959000 	C:\Windows\WinSxS\amd64_microsoft.windows.common-controls_6595b64144ccf1df_6.0.9200.16384_none_418c2a697189c07f\COMCTL32.dll
0x000007fc10ec0000 - 0x000007fc10f92000 	C:\Windows\system32\msvcrt.dll
0x000007fc120b0000 - 0x000007fc120fc000 	C:\Windows\SYSTEM32\sechost.dll
0x000007fc105b0000 - 0x000007fc1070a000 	C:\Windows\system32\RPCRT4.dll
0x000007fc11900000 - 0x000007fc11a69000 	C:\Windows\system32\GDI32.dll
0x000007fc10970000 - 0x000007fc109a9000 	C:\Windows\system32\IMM32.DLL
0x000007fc11510000 - 0x000007fc11648000 	C:\Windows\system32\MSCTF.dll
0x0000000069c30000 - 0x0000000069d01000 	C:\Program Files\Java\jre7\bin\msvcr100.dll
0x0000000069460000 - 0x0000000069c29000 	C:\Program Files\Java\jre7\bin\server\jvm.dll
0x000007fc0b210000 - 0x000007fc0b219000 	C:\Windows\SYSTEM32\WSOCK32.dll
0x000007fc05750000 - 0x000007fc05772000 	C:\Windows\SYSTEM32\WINMM.dll
0x000007fc10fa0000 - 0x000007fc10fa7000 	C:\Windows\system32\PSAPI.DLL
0x000007fc11890000 - 0x000007fc118f6000 	C:\Windows\system32\WS2_32.dll
0x000007fc05720000 - 0x000007fc05748000 	C:\Windows\SYSTEM32\WINMMBASE.dll
0x000007fc120a0000 - 0x000007fc120a8000 	C:\Windows\system32\NSI.dll
0x0000000069450000 - 0x000000006945f000 	C:\Program Files\Java\jre7\bin\verify.dll
0x0000000069420000 - 0x0000000069448000 	C:\Program Files\Java\jre7\bin\java.dll
0x0000000069400000 - 0x0000000069415000 	C:\Program Files\Java\jre7\bin\zip.dll
0x0000000068fa0000 - 0x0000000069135000 	C:\Program Files\Java\jre7\bin\awt.dll
0x000007fc10c10000 - 0x000007fc10d2b000 	C:\Windows\system32\OLEAUT32.dll
0x000007fc10710000 - 0x000007fc108a9000 	C:\Windows\system32\combase.dll
0x000007fc09e20000 - 0x000007fc09e96000 	C:\Windows\system32\apphelp.dll
0x0000000068f70000 - 0x0000000068fa0000 	C:\Program Files\Java\jre7\bin\jpeg.dll
0x000007fc0dd50000 - 0x000007fc0dd92000 	C:\Windows\system32\DWMAPI.DLL
0x000007fc0ef70000 - 0x000007fc0f05d000 	C:\Windows\system32\uxtheme.dll
0x000007fc0ff90000 - 0x000007fc0ffb4000 	C:\Windows\system32\SspiCli.dll
0x0000000065580000 - 0x000000006560d000 	C:\Users\Matthew\AppData\Local\Temp\libgdxMatthew\123946040\gdx64.dll
0x0000000180000000 - 0x0000000180050000 	C:\Users\Matthew\AppData\Local\Temp\libgdxMatthew\27538956\lwjgl64.dll
0x000007fbfe3f0000 - 0x000007fbfe529000 	C:\Windows\SYSTEM32\OPENGL32.dll
0x000007fc09390000 - 0x000007fc09399000 	C:\Windows\SYSTEM32\VERSION.dll
0x000007fc07220000 - 0x000007fc0724e000 	C:\Windows\SYSTEM32\GLU32.dll
0x000007fc06c00000 - 0x000007fc06d22000 	C:\Windows\SYSTEM32\DDRAW.dll
0x000007fc09230000 - 0x000007fc09239000 	C:\Windows\SYSTEM32\DCIMAN32.dll
0x000000000b410000 - 0x000000000b472000 	C:\Users\Matthew\AppData\Local\Temp\libgdxMatthew\27538956\OpenAL64.dll
0x000007fc12100000 - 0x000007fc1344d000 	C:\Windows\system32\SHELL32.dll
0x000007fc110d0000 - 0x000007fc112b2000 	C:\Windows\system32\ole32.dll
0x000007fc11060000 - 0x000007fc110c2000 	C:\Windows\system32\SHLWAPI.dll
0x000007fc0e100000 - 0x000007fc0e18c000 	C:\Windows\SYSTEM32\SHCORE.dll
0x000007fc0ff80000 - 0x000007fc0ff8a000 	C:\Windows\SYSTEM32\CRYPTBASE.dll
0x000007fc0fe80000 - 0x000007fc0fed7000 	C:\Windows\SYSTEM32\bcryptPrimitives.dll
0x000007fc10fb0000 - 0x000007fc1105e000 	C:\Windows\SYSTEM32\clbcatq.dll
0x000007fbfe190000 - 0x000007fbfe246000 	C:\Windows\SYSTEM32\dsound.dll
0x000007fc10040000 - 0x000007fc10083000 	C:\Windows\SYSTEM32\POWRPROF.dll
0x000007fc0d490000 - 0x000007fc0d4df000 	C:\Windows\System32\MMDevApi.dll
0x000007fc10240000 - 0x000007fc1025d000 	C:\Windows\system32\DEVOBJ.dll
0x000007fc10260000 - 0x000007fc102a4000 	C:\Windows\SYSTEM32\cfgmgr32.dll
0x000007fc0ced0000 - 0x000007fc0cf3d000 	C:\Windows\SYSTEM32\AUDIOSES.DLL
0x000007fbf1fa0000 - 0x000007fbf2c24000 	C:\Windows\SYSTEM32\ig4icd64.dll
0x000007fbf10b0000 - 0x000007fbf119c000 	C:\Windows\SYSTEM32\mscms.dll
0x000007fc0f970000 - 0x000007fc0f98e000 	C:\Windows\SYSTEM32\USERENV.dll
0x000007fc100a0000 - 0x000007fc100b1000 	C:\Windows\SYSTEM32\profapi.dll
0x000007fc024c0000 - 0x000007fc02504000 	C:\Windows\SYSTEM32\icm32.dll
0x000007fc0d120000 - 0x000007fc0d293000 	C:\Windows\SYSTEM32\dbghelp.dll

VM Arguments:
jvm_args: -Dfile.encoding=Cp1252 
java_command: com.devtalk.maze.DesktopStarter
Launcher Type: SUN_STANDARD

Environment Variables:
JAVA_HOME=C:\Program Files\Java\jdk1.7.0_40
PATH=C:\Windows\system32;C:\Windows;C:\Windows\System32\Wbem;C:\Windows\System32\WindowsPowerShell\v1.0\;C:\Program Files (x86)\Windows Kits\8.0\Windows Performance Toolkit\;C:\Program Files\TortoiseGit\bin;C:\Program Files\Microsoft SQL Server\110\Tools\Binn\;C:\Users\Matthew\Documents\apache-ant-1.9.2\bin
USERNAME=Matthew
OS=Windows_NT
PROCESSOR_IDENTIFIER=Intel64 Family 6 Model 42 Stepping 7, GenuineIntel



---------------  S Y S T E M  ---------------

OS: Windows 8 , 64 bit Build 9200 

CPU:total 4 (2 cores per cpu, 2 threads per core) family 6 model 42 stepping 7, cmov, cx8, fxsr, mmx, sse, sse2, sse3, ssse3, sse4.1, sse4.2, popcnt, avx, aes, ht, tsc, tscinvbit

Memory: 4k page, physical 4095408k(1385300k free), swap 8289712k(5061460k free)

vm_info: Java HotSpot(TM) 64-Bit Server VM (24.0-b56) for windows-amd64 JRE (1.7.0_40-b43), built on Aug 26 2013 22:38:32 by "java_re" with unknown MS VC++:1600

time: Tue Oct 15 22:50:37 2013
elapsed time: 1 seconds

